{
  "RSpec": {
    "coverage": {
      "C:/Bitnami/rubystack-2.0.0-25/NegusWebsite/app/models/user.rb": [
        1,
        1,
        1,
        1,
        1,
        1,
        1,
        1,
        1,
        1,
        1,
        null,
        1,
        null,
        1,
        1,
        1,
        null,
        1,
        1,
        1,
        null,
        null,
        1,
        1,
        null,
        null,
        null,
        1,
        491,
        null,
        491,
        null,
        null,
        null,
        1,
        491,
        null,
        null,
        null,
        1,
        0,
        0,
        null,
        null,
        null,
        1,
        0,
        0,
        0,
        null,
        null,
        null,
        1,
        2,
        null,
        null,
        null,
        1,
        0,
        0,
        null,
        null,
        null,
        1,
        0,
        null,
        null,
        null,
        1,
        0,
        0,
        0,
        null,
        null,
        null,
        1,
        0,
        null,
        null,
        null,
        1,
        0,
        null,
        null,
        1,
        0,
        0,
        0,
        null,
        0,
        null,
        null,
        null,
        1,
        null,
        null,
        1,
        495,
        null,
        null,
        null,
        1,
        491,
        491,
        null,
        null,
        null,
        null
      ],
      "C:/Bitnami/rubystack-2.0.0-25/NegusWebsite/app/models/item.rb": [
        1,
        1,
        null,
        1,
        1,
        null,
        1,
        null,
        1,
        null,
        1,
        1,
        null,
        1,
        null,
        1,
        null,
        1,
        1,
        1,
        1,
        null,
        1,
        1,
        1,
        null,
        null,
        null,
        null,
        null,
        null,
        null,
        null,
        null
      ],
      "C:/Bitnami/rubystack-2.0.0-25/NegusWebsite/app/models/concerns/filterable.rb": [
        1,
        1,
        null,
        1,
        1,
        0,
        0,
        0,
        0,
        null,
        null,
        0,
        null,
        null,
        null
      ],
      "C:/Bitnami/rubystack-2.0.0-25/NegusWebsite/app/models/like.rb": [
        1,
        1,
        1,
        1,
        null,
        1,
        null,
        1,
        1,
        1,
        null,
        1,
        null,
        null,
        8,
        8,
        null,
        1,
        1,
        1,
        0,
        0,
        null,
        null,
        null,
        1,
        null,
        1,
        null,
        null,
        5,
        null,
        null,
        null
      ],
      "C:/Bitnami/rubystack-2.0.0-25/NegusWebsite/app/models/picture.rb": [
        1,
        1,
        1,
        null,
        1,
        null,
        1,
        null,
        null,
        1,
        1,
        null,
        1,
        null,
        null
      ],
      "C:/Bitnami/rubystack-2.0.0-25/NegusWebsite/app/models/post.rb": [
        1,
        null,
        null,
        null,
        1,
        1,
        1,
        1,
        1,
        null,
        1,
        1,
        null,
        1,
        1,
        1,
        1,
        null,
        null,
        11,
        21,
        null,
        1,
        10,
        null,
        11,
        null,
        null,
        null,
        null,
        null,
        null,
        1,
        2,
        null,
        null,
        null,
        null,
        1,
        37,
        null,
        null,
        1,
        20,
        null,
        null,
        1,
        3,
        2,
        null,
        1,
        null,
        null,
        null,
        null
      ],
      "C:/Bitnami/rubystack-2.0.0-25/NegusWebsite/app/helpers/account_activations_helper.rb": [
        1,
        null
      ],
      "C:/Bitnami/rubystack-2.0.0-25/NegusWebsite/app/helpers/application_helper.rb": [
        1,
        null,
        1,
        12,
        null,
        null,
        null,
        null,
        null,
        null,
        null,
        12,
        null,
        null,
        null
      ],
      "C:/Bitnami/rubystack-2.0.0-25/NegusWebsite/app/helpers/avatars_helper.rb": [
        1,
        null
      ],
      "C:/Bitnami/rubystack-2.0.0-25/NegusWebsite/app/helpers/comments_helper.rb": [
        1,
        null
      ],
      "C:/Bitnami/rubystack-2.0.0-25/NegusWebsite/app/helpers/forums_helper.rb": [
        1,
        null
      ],
      "C:/Bitnami/rubystack-2.0.0-25/NegusWebsite/app/helpers/friendships_helper.rb": [
        1,
        null
      ],
      "C:/Bitnami/rubystack-2.0.0-25/NegusWebsite/app/helpers/items_helper.rb": [
        1,
        1,
        0,
        null,
        null
      ],
      "C:/Bitnami/rubystack-2.0.0-25/NegusWebsite/app/helpers/likes_helper.rb": [
        1,
        null,
        1,
        0,
        null,
        null,
        null,
        null
      ],
      "C:/Bitnami/rubystack-2.0.0-25/NegusWebsite/app/helpers/password_resets_helper.rb": [
        1,
        null
      ],
      "C:/Bitnami/rubystack-2.0.0-25/NegusWebsite/app/helpers/pictures_helper.rb": [
        1,
        null
      ],
      "C:/Bitnami/rubystack-2.0.0-25/NegusWebsite/app/helpers/posts_helper.rb": [
        1,
        1,
        32,
        32,
        null,
        32,
        32,
        1,
        null,
        32,
        null,
        null,
        1,
        1,
        1,
        null,
        1,
        1,
        1,
        null,
        null,
        null,
        null,
        null,
        1,
        30,
        30,
        null,
        30,
        0,
        0,
        null,
        null,
        30,
        null,
        null
      ],
      "C:/Bitnami/rubystack-2.0.0-25/NegusWebsite/app/helpers/sessions_helper.rb": [
        1,
        null,
        1,
        1,
        null,
        null,
        null,
        1,
        0,
        0,
        0,
        null,
        null,
        null,
        1,
        10,
        null,
        null,
        null,
        1,
        908,
        824,
        84,
        0,
        0,
        0,
        0,
        null,
        null,
        null,
        null,
        null,
        1,
        423,
        null,
        null,
        null,
        1,
        2,
        2,
        2,
        null,
        null,
        null,
        1,
        1,
        1,
        1,
        null,
        null,
        null,
        1,
        0,
        0,
        null,
        null,
        null,
        1,
        7,
        null,
        null,
        null
      ],
      "C:/Bitnami/rubystack-2.0.0-25/NegusWebsite/app/helpers/static_pages_helper.rb": [
        1,
        null
      ],
      "C:/Bitnami/rubystack-2.0.0-25/NegusWebsite/app/helpers/subforums_helper.rb": [
        1,
        null
      ],
      "C:/Bitnami/rubystack-2.0.0-25/NegusWebsite/app/helpers/users_helper.rb": [
        1,
        null,
        1,
        0,
        0,
        0,
        0,
        null,
        null,
        null,
        null,
        null
      ],
      "C:/Bitnami/rubystack-2.0.0-25/NegusWebsite/app/models/avatar.rb": [
        1,
        1,
        1,
        null,
        null,
        1,
        null,
        null,
        1,
        null,
        null
      ],
      "C:/Bitnami/rubystack-2.0.0-25/NegusWebsite/app/models/comment.rb": [
        1,
        1,
        1,
        1,
        1,
        null,
        1,
        1,
        null,
        1,
        null,
        1,
        1,
        null,
        null,
        null
      ],
      "C:/Bitnami/rubystack-2.0.0-25/NegusWebsite/app/models/forum.rb": [
        1,
        1,
        null,
        1,
        null,
        null,
        null
      ],
      "C:/Bitnami/rubystack-2.0.0-25/NegusWebsite/app/models/friendship.rb": [
        1,
        1,
        1,
        1,
        null,
        1,
        1,
        1,
        1,
        null,
        1,
        1,
        null,
        1,
        1,
        null,
        1,
        0,
        null,
        null,
        1,
        0,
        null,
        null,
        1,
        7,
        null,
        null,
        null,
        1,
        0,
        0,
        null,
        0,
        null,
        null,
        null
      ],
      "C:/Bitnami/rubystack-2.0.0-25/NegusWebsite/app/models/notification_configuration.rb": [
        1,
        1,
        null,
        1,
        null
      ],
      "C:/Bitnami/rubystack-2.0.0-25/NegusWebsite/app/models/notification.rb": [
        1,
        1,
        1,
        null,
        1,
        1,
        1,
        1,
        null,
        1,
        1,
        null,
        null
      ],
      "C:/Bitnami/rubystack-2.0.0-25/NegusWebsite/app/models/subforum.rb": [
        1,
        1,
        1,
        null,
        1,
        null,
        1,
        6,
        null,
        null,
        1,
        1,
        null,
        null
      ],
      "C:/Bitnami/rubystack-2.0.0-25/NegusWebsite/app/controllers/users_controller.rb": [
        1,
        1,
        1,
        1,
        1,
        null,
        1,
        2,
        2,
        null,
        null,
        1,
        0,
        null,
        null,
        1,
        7,
        7,
        7,
        7,
        7,
        null,
        null,
        1,
        0,
        0,
        0,
        null,
        0,
        null,
        null,
        null,
        1,
        0,
        null,
        0,
        0,
        0,
        0,
        0,
        null,
        null,
        null,
        0,
        null,
        0,
        null,
        0,
        0,
        null,
        0,
        0,
        null,
        null,
        null,
        null,
        1,
        null,
        null,
        1,
        1,
        1,
        1,
        1,
        null,
        null,
        null,
        1,
        1,
        null,
        0,
        null,
        null,
        null,
        1,
        0,
        0,
        0,
        null,
        null,
        1,
        null,
        1,
        1,
        null,
        null,
        null,
        1,
        9,
        null,
        null,
        1,
        11,
        0,
        0,
        0,
        null,
        null,
        null,
        1,
        2,
        2,
        null,
        null,
        1,
        0,
        null,
        null,
        null
      ],
      "C:/Bitnami/rubystack-2.0.0-25/NegusWebsite/app/controllers/application_controller.rb": [
        1,
        1,
        1,
        null,
        1,
        null,
        null,
        1,
        0,
        0,
        0,
        0,
        null,
        null,
        null
      ],
      "C:/Bitnami/rubystack-2.0.0-25/NegusWebsite/app/controllers/avatars_controller.rb": [
        1,
        1,
        1,
        1,
        1,
        null,
        1,
        1,
        null,
        null,
        1,
        0,
        null,
        null,
        1,
        0,
        null,
        null,
        1,
        1,
        null,
        1,
        1,
        null,
        2,
        1,
        null,
        0,
        0,
        null,
        null,
        null,
        null,
        1,
        1,
        null,
        null,
        1,
        1,
        1,
        1,
        1,
        null,
        0,
        null,
        null,
        null,
        1,
        0,
        0,
        0,
        null,
        null,
        1,
        null,
        1,
        1,
        null,
        null,
        1,
        2,
        null,
        null,
        1,
        4,
        0,
        0,
        0,
        null,
        null,
        null,
        1,
        3,
        3,
        null,
        null,
        1,
        0,
        null,
        null
      ],
      "C:/Bitnami/rubystack-2.0.0-25/NegusWebsite/app/controllers/static_pages_controller.rb": [
        1,
        1,
        null,
        1,
        null,
        null,
        1,
        0,
        0,
        0,
        null,
        null,
        1,
        null,
        null,
        1,
        null,
        null,
        1,
        null,
        null,
        1,
        null,
        null,
        1,
        null,
        1,
        0,
        null,
        null
      ],
      "C:/Bitnami/rubystack-2.0.0-25/NegusWebsite/app/controllers/posts_controller.rb": [
        1,
        1,
        1,
        1,
        1,
        1,
        1,
        1,
        null,
        null,
        null,
        1,
        null,
        1,
        1,
        1,
        null,
        1,
        1,
        2,
        1,
        1,
        null,
        0,
        null,
        null,
        null,
        null,
        1,
        1,
        null,
        null,
        1,
        18,
        18,
        null,
        null,
        null,
        1,
        10,
        10,
        10,
        10,
        null,
        10,
        10,
        null,
        null,
        null,
        null,
        1,
        1,
        null,
        1,
        1,
        1,
        1,
        1,
        null,
        null,
        null,
        2,
        1,
        null,
        0,
        0,
        null,
        null,
        null,
        null,
        1,
        2,
        null,
        null,
        1,
        1,
        1,
        0,
        0,
        null,
        null,
        1,
        1,
        null,
        0,
        null,
        null,
        null,
        1,
        1,
        1,
        1,
        1,
        null,
        null,
        1,
        null,
        1,
        26,
        null,
        null,
        1,
        13,
        null,
        null,
        1,
        2,
        null,
        null,
        null,
        1,
        2,
        2,
        1,
        1,
        null,
        null,
        null,
        1,
        13,
        2,
        2,
        2,
        null,
        null,
        null,
        1,
        7,
        null,
        null,
        1,
        1,
        null,
        null,
        1,
        0,
        null,
        null
      ],
      "C:/Bitnami/rubystack-2.0.0-25/NegusWebsite/app/controllers/comments_controller.rb": [
        1,
        1,
        1,
        1,
        1,
        1,
        null,
        1,
        1,
        null,
        null,
        1,
        null,
        null,
        1,
        0,
        null,
        null,
        1,
        1,
        null,
        1,
        1,
        1,
        1,
        null,
        null,
        1,
        2,
        1,
        null,
        0,
        0,
        null,
        null,
        null,
        null,
        1,
        null,
        null,
        1,
        0,
        null,
        0,
        0,
        null,
        0,
        null,
        null,
        null,
        1,
        1,
        1,
        1,
        1,
        null,
        null,
        null,
        1,
        null,
        1,
        2,
        null,
        null,
        1,
        1,
        null,
        null,
        1,
        1,
        null,
        null,
        1,
        5,
        1,
        1,
        1,
        null,
        null,
        null,
        1,
        2,
        null,
        null,
        1,
        0,
        null,
        null,
        1,
        0,
        null,
        null
      ],
      "C:/Bitnami/rubystack-2.0.0-25/NegusWebsite/app/controllers/sessions_controller.rb": [
        1,
        1,
        null,
        null,
        1,
        1,
        1,
        1,
        1,
        1,
        1,
        1,
        null,
        0,
        0,
        0,
        0,
        null,
        null,
        null,
        0,
        0,
        null,
        null,
        null,
        1,
        1,
        1,
        1,
        null,
        null,
        null
      ],
      "C:/Bitnami/rubystack-2.0.0-25/NegusWebsite/app/workers/notification_worker.rb": [
        1,
        1,
        null,
        null,
        1,
        0,
        null,
        0,
        0,
        0,
        null,
        null,
        0,
        0,
        null,
        null,
        0,
        0,
        null,
        null,
        0,
        0,
        null,
        null,
        0,
        null,
        null,
        null
      ],
      "C:/Bitnami/rubystack-2.0.0-25/NegusWebsite/app/controllers/forums_controller.rb": [
        1,
        1,
        1,
        1,
        null,
        1,
        1,
        null,
        null,
        1,
        null,
        null,
        1,
        2,
        null,
        null,
        1,
        1,
        null,
        1,
        1,
        2,
        1,
        null,
        0,
        0,
        null,
        null,
        null,
        null,
        1,
        null,
        null,
        1,
        1,
        null,
        1,
        1,
        null,
        0,
        null,
        null,
        null,
        1,
        1,
        1,
        1,
        null,
        null,
        1,
        null,
        1,
        2,
        null,
        null,
        1,
        4,
        null,
        null,
        1,
        13,
        2,
        2,
        2,
        null,
        null,
        null,
        1,
        11,
        null,
        null
      ],
      "C:/Bitnami/rubystack-2.0.0-25/NegusWebsite/app/controllers/subforums_controller.rb": [
        1,
        1,
        1,
        1,
        null,
        1,
        1,
        null,
        null,
        1,
        2,
        null,
        null,
        1,
        5,
        null,
        null,
        1,
        1,
        null,
        1,
        1,
        2,
        1,
        null,
        0,
        0,
        null,
        null,
        null,
        null,
        1,
        1,
        null,
        null,
        1,
        1,
        1,
        null,
        1,
        1,
        null,
        0,
        null,
        null,
        null,
        1,
        1,
        1,
        1,
        null,
        null,
        1,
        null,
        1,
        6,
        null,
        null,
        1,
        2,
        null,
        null,
        1,
        11,
        2,
        2,
        2,
        null,
        null,
        null,
        1,
        7,
        null,
        null
      ],
      "C:/Bitnami/rubystack-2.0.0-25/NegusWebsite/app/controllers/likes_controller.rb": [
        1,
        1,
        1,
        null,
        1,
        null,
        1,
        1,
        null,
        1,
        1,
        1,
        1,
        1,
        null,
        null,
        1,
        1,
        null,
        0,
        null,
        null,
        null,
        null,
        1,
        1,
        1,
        1,
        1,
        1,
        1,
        1,
        null,
        0,
        null,
        null,
        null,
        null,
        null,
        1,
        null,
        1,
        1,
        null,
        null,
        1,
        1,
        0,
        0,
        0,
        null,
        null,
        null,
        1,
        0,
        0,
        null,
        null
      ],
      "C:/Bitnami/rubystack-2.0.0-25/NegusWebsite/app/controllers/pictures_controller.rb": [
        1,
        1,
        1,
        1,
        null,
        1,
        0,
        null,
        null,
        1,
        0,
        null,
        0,
        0,
        0,
        0,
        null,
        0,
        0,
        null,
        null,
        null,
        null,
        1,
        0,
        null,
        null,
        1,
        0,
        0,
        0,
        0,
        null,
        0,
        null,
        null,
        null,
        1,
        1,
        1,
        1,
        null,
        null,
        1,
        null,
        1,
        0,
        null,
        null,
        1,
        1,
        0,
        0,
        0,
        null,
        null,
        null,
        1,
        0,
        0,
        null,
        null,
        1,
        0,
        null,
        null
      ]
    },
    "timestamp": 1448307226
  }
}
